<?xml version="1.0" encoding="UTF-8"?>
<!-- Generated by org.testng.reporters.JUnitXMLReporter -->
<testsuite hostname="vanpt-pc" ignored="0" name="Default test" tests="3" failures="0" timestamp="2020-11-10T00:21:44 ICT" time="0.275" errors="0">
  <testcase name="can_generate_secret_key" time="0.025" classname="com.vanpt.auth.TestAuth"/>
  <testcase name="can_get_barcode_url" time="0.156" classname="com.vanpt.auth.TestAuth"/>
  <testcase name="can_sync_with_google_authenticator" time="0.009" classname="com.vanpt.auth.TestAuth"/>
</testsuite> <!-- Default test -->
